<?xml version="1.0" encoding="UTF-8"?>
<!-- Generated by org.testng.reporters.JUnitReportReporter -->
<testsuite hostname="Giteshp-lap007" failures="0" tests="1" name="TestRunner.Form_Submit_Test" time="11.064" errors="0" timestamp="25 Oct 2022 17:00:18 GMT">
  <testcase classname="TestRunner.Form_Submit_Test" name="ChangeProfile" time="11.064"/>
</testsuite> <!-- TestRunner.Form_Submit_Test -->
